{"/Users/marcio.souza/pessoal/repeat-please-mobile/rpmobile/src/screens/walkthrough/index.tsx": {"path":"/Users/marcio.souza/pessoal/repeat-please-mobile/rpmobile/src/screens/walkthrough/index.tsx","statementMap":{"0":{"start":{"line":1,"column":0},"end":{"line":1,"column":26}},"1":{"start":{"line":2,"column":0},"end":{"line":2,"column":42}},"2":{"start":{"line":4,"column":13},"end":{"line":8,"column":2}},"3":{"start":{"line":5,"column":4},"end":{"line":6,"column":null}}},"fnMap":{"0":{"name":"(anonymous_1)","decl":{"start":{"line":4,"column":27},"end":{"line":4,"column":30}},"loc":{"start":{"line":5,"column":4},"end":{"line":6,"column":null}}}},"branchMap":{},"s":{"0":1,"1":1,"2":1,"3":1},"f":{"0":1},"b":{}}
,"/Users/marcio.souza/pessoal/repeat-please-mobile/rpmobile/src/utils/testUtil.ts": {"path":"/Users/marcio.souza/pessoal/repeat-please-mobile/rpmobile/src/utils/testUtil.ts","statementMap":{"0":{"start":{"line":3,"column":13},"end":{"line":8,"column":2}},"1":{"start":{"line":7,"column":1},"end":{"line":7,"column":50}}},"fnMap":{"0":{"name":"(anonymous_0)","decl":{"start":{"line":3,"column":30},"end":{"line":3,"column":null}},"loc":{"start":{"line":6,"column":20},"end":{"line":8,"column":1}}}},"branchMap":{},"s":{"0":1,"1":1},"f":{"0":1},"b":{}}
}
