{"/Users/marcio.souza/pessoal/repeat-please-mobile/rpmobile/assets/images/monkey_mouth.png": {"path":"/Users/marcio.souza/pessoal/repeat-please-mobile/rpmobile/assets/images/monkey_mouth.png","statementMap":{"0":{"start":{"line":1,"column":0},"end":{"line":4,"column":6}}},"fnMap":{},"branchMap":{},"s":{"0":1},"f":{},"b":{},"_coverageSchema":"43e27e138ebf9cfc5966b082cf9a028302ed4184","hash":"ed394bc8ad7aff815144eff78eb5deb53a1028ec"}
,"/Users/marcio.souza/pessoal/repeat-please-mobile/rpmobile/assets/images/monkey_smile.png": {"path":"/Users/marcio.souza/pessoal/repeat-please-mobile/rpmobile/assets/images/monkey_smile.png","statementMap":{"0":{"start":{"line":1,"column":0},"end":{"line":4,"column":6}}},"fnMap":{},"branchMap":{},"s":{"0":1},"f":{},"b":{},"_coverageSchema":"43e27e138ebf9cfc5966b082cf9a028302ed4184","hash":"54941885826d1312888652d068f069412204f103"}
,"/Users/marcio.souza/pessoal/repeat-please-mobile/rpmobile/assets/images/speaker_girl.png": {"path":"/Users/marcio.souza/pessoal/repeat-please-mobile/rpmobile/assets/images/speaker_girl.png","statementMap":{"0":{"start":{"line":1,"column":0},"end":{"line":4,"column":6}}},"fnMap":{},"branchMap":{},"s":{"0":1},"f":{},"b":{},"_coverageSchema":"43e27e138ebf9cfc5966b082cf9a028302ed4184","hash":"066254810c9cf522a245b6af6f96f77df4a6e42e"}
,"/Users/marcio.souza/pessoal/repeat-please-mobile/rpmobile/src/components/index.ts": {"path":"/Users/marcio.souza/pessoal/repeat-please-mobile/rpmobile/src/components/index.ts","statementMap":{"0":{"start":{"line":1,"column":0},"end":{"line":1,"column":24}},"1":{"start":{"line":2,"column":0},"end":{"line":2,"column":23}},"2":{"start":{"line":3,"column":0},"end":{"line":3,"column":27}},"3":{"start":{"line":4,"column":0},"end":{"line":4,"column":37}}},"fnMap":{},"branchMap":{},"s":{"0":4,"1":4,"2":4,"3":4},"f":{},"b":{}}
,"/Users/marcio.souza/pessoal/repeat-please-mobile/rpmobile/src/components/Email/index.tsx": {"path":"/Users/marcio.souza/pessoal/repeat-please-mobile/rpmobile/src/components/Email/index.tsx","statementMap":{"0":{"start":{"line":1,"column":0},"end":{"line":1,"column":26}},"1":{"start":{"line":2,"column":0},"end":{"line":2,"column":56}},"2":{"start":{"line":10,"column":13},"end":{"line":23,"column":2}},"3":{"start":{"line":15,"column":1},"end":{"line":21,"column":null}},"4":{"start":{"line":20,"column":24},"end":{"line":20,"column":43}}},"fnMap":{"0":{"name":"(anonymous_1)","decl":{"start":{"line":10,"column":21},"end":{"line":10,"column":22}},"loc":{"start":{"line":15,"column":1},"end":{"line":21,"column":null}}},"1":{"name":"(anonymous_2)","decl":{"start":{"line":20,"column":16},"end":{"line":20,"column":20}},"loc":{"start":{"line":20,"column":24},"end":{"line":20,"column":43}}}},"branchMap":{},"s":{"0":5,"1":5,"2":5,"3":21,"4":1},"f":{"0":21,"1":1},"b":{}}
,"/Users/marcio.souza/pessoal/repeat-please-mobile/rpmobile/src/components/Name/index.tsx": {"path":"/Users/marcio.souza/pessoal/repeat-please-mobile/rpmobile/src/components/Name/index.tsx","statementMap":{"0":{"start":{"line":1,"column":0},"end":{"line":1,"column":26}},"1":{"start":{"line":2,"column":0},"end":{"line":2,"column":56}},"2":{"start":{"line":10,"column":13},"end":{"line":22,"column":2}},"3":{"start":{"line":15,"column":1},"end":{"line":20,"column":null}},"4":{"start":{"line":19,"column":24},"end":{"line":19,"column":42}}},"fnMap":{"0":{"name":"(anonymous_1)","decl":{"start":{"line":10,"column":20},"end":{"line":10,"column":21}},"loc":{"start":{"line":15,"column":1},"end":{"line":20,"column":null}}},"1":{"name":"(anonymous_2)","decl":{"start":{"line":19,"column":16},"end":{"line":19,"column":20}},"loc":{"start":{"line":19,"column":24},"end":{"line":19,"column":42}}}},"branchMap":{},"s":{"0":5,"1":5,"2":5,"3":14,"4":1},"f":{"0":14,"1":1},"b":{}}
,"/Users/marcio.souza/pessoal/repeat-please-mobile/rpmobile/src/components/Password/index.tsx": {"path":"/Users/marcio.souza/pessoal/repeat-please-mobile/rpmobile/src/components/Password/index.tsx","statementMap":{"0":{"start":{"line":1,"column":0},"end":{"line":1,"column":26}},"1":{"start":{"line":2,"column":0},"end":{"line":2,"column":56}},"2":{"start":{"line":11,"column":13},"end":{"line":27,"column":2}},"3":{"start":{"line":17,"column":1},"end":{"line":25,"column":null}},"4":{"start":{"line":24,"column":24},"end":{"line":24,"column":46}}},"fnMap":{"0":{"name":"(anonymous_1)","decl":{"start":{"line":11,"column":24},"end":{"line":11,"column":25}},"loc":{"start":{"line":17,"column":1},"end":{"line":25,"column":null}}},"1":{"name":"(anonymous_2)","decl":{"start":{"line":24,"column":16},"end":{"line":24,"column":20}},"loc":{"start":{"line":24,"column":24},"end":{"line":24,"column":46}}}},"branchMap":{"0":{"loc":{"start":{"line":21,"column":24},"end":{"line":21,"column":42}},"type":"cond-expr","locations":[{"start":{"line":21,"column":24},"end":{"line":21,"column":42}},{"start":{"line":21,"column":45},"end":{"line":21,"column":55}}]}},"s":{"0":5,"1":5,"2":5,"3":33,"4":1},"f":{"0":33,"1":1},"b":{"0":[12,21]}}
,"/Users/marcio.souza/pessoal/repeat-please-mobile/rpmobile/src/components/SocialMediaButtons/index.tsx": {"path":"/Users/marcio.souza/pessoal/repeat-please-mobile/rpmobile/src/components/SocialMediaButtons/index.tsx","statementMap":{"0":{"start":{"line":1,"column":0},"end":{"line":1,"column":26}},"1":{"start":{"line":3,"column":0},"end":{"line":3,"column":57}},"2":{"start":{"line":11,"column":13},"end":{"line":24,"column":2}},"3":{"start":{"line":16,"column":1},"end":{"line":22,"column":null}}},"fnMap":{"0":{"name":"(anonymous_1)","decl":{"start":{"line":11,"column":34},"end":{"line":11,"column":35}},"loc":{"start":{"line":16,"column":1},"end":{"line":22,"column":null}}}},"branchMap":{},"s":{"0":4,"1":4,"2":4,"3":19},"f":{"0":19},"b":{}}
,"/Users/marcio.souza/pessoal/repeat-please-mobile/rpmobile/src/data/services/user.ts": {"path":"/Users/marcio.souza/pessoal/repeat-please-mobile/rpmobile/src/data/services/user.ts","statementMap":{"0":{"start":{"line":1,"column":0},"end":{"line":1,"column":38}},"1":{"start":{"line":3,"column":13},"end":{"line":21,"column":2}},"2":{"start":{"line":7,"column":1},"end":{"line":20,"column":null}},"3":{"start":{"line":8,"column":26},"end":{"line":10,"column":null}},"4":{"start":{"line":13,"column":2},"end":{"line":15,"column":null}},"5":{"start":{"line":14,"column":3},"end":{"line":14,"column":31}},"6":{"start":{"line":17,"column":2},"end":{"line":17,"column":30}},"7":{"start":{"line":19,"column":2},"end":{"line":19,"column":21}}},"fnMap":{"0":{"name":"(anonymous_0)","decl":{"start":{"line":3,"column":43},"end":{"line":3,"column":48}},"loc":{"start":{"line":6,"column":19},"end":{"line":21,"column":1}}}},"branchMap":{"0":{"loc":{"start":{"line":13,"column":2},"end":{"line":15,"column":null}},"type":"if","locations":[{"start":{"line":13,"column":2},"end":{"line":15,"column":null}},{"start":{"line":13,"column":2},"end":{"line":15,"column":null}}]},"1":{"loc":{"start":{"line":13,"column":6},"end":{"line":13,"column":22}},"type":"binary-expr","locations":[{"start":{"line":13,"column":6},"end":{"line":13,"column":22}},{"start":{"line":13,"column":26},"end":{"line":13,"column":47}}]}},"s":{"0":1,"1":1,"2":0,"3":0,"4":0,"5":0,"6":0,"7":0},"f":{"0":0},"b":{"0":[0,0],"1":[0,0]}}
,"/Users/marcio.souza/pessoal/repeat-please-mobile/rpmobile/src/navigator/helper.ts": {"path":"/Users/marcio.souza/pessoal/repeat-please-mobile/rpmobile/src/navigator/helper.ts","statementMap":{"0":{"start":{"line":1,"column":0},"end":{"line":1,"column":45}},"1":{"start":{"line":7,"column":13},"end":{"line":14,"column":2}},"2":{"start":{"line":12,"column":22},"end":{"line":12,"column":32}},"3":{"start":{"line":13,"column":1},"end":{"line":13,"column":30}},"4":{"start":{"line":16,"column":13},"end":{"line":21,"column":2}}},"fnMap":{"0":{"name":"(anonymous_0)","decl":{"start":{"line":7,"column":26},"end":{"line":7,"column":null}},"loc":{"start":{"line":11,"column":10},"end":{"line":14,"column":1}}}},"branchMap":{},"s":{"0":3,"1":3,"2":2,"3":2,"4":3},"f":{"0":2},"b":{}}
,"/Users/marcio.souza/pessoal/repeat-please-mobile/rpmobile/src/navigator/routes.ts": {"path":"/Users/marcio.souza/pessoal/repeat-please-mobile/rpmobile/src/navigator/routes.ts","statementMap":{"0":{"start":{"line":1,"column":13},"end":{"line":1,"column":31}},"1":{"start":{"line":2,"column":13},"end":{"line":2,"column":41}},"2":{"start":{"line":3,"column":13},"end":{"line":3,"column":29}},"3":{"start":{"line":4,"column":13},"end":{"line":4,"column":35}}},"fnMap":{},"branchMap":{},"s":{"0":2,"1":2,"2":2,"3":2},"f":{},"b":{}}
,"/Users/marcio.souza/pessoal/repeat-please-mobile/rpmobile/src/screens/Login/index.tsx": {"path":"/Users/marcio.souza/pessoal/repeat-please-mobile/rpmobile/src/screens/Login/index.tsx","statementMap":{"0":{"start":{"line":1,"column":0},"end":{"line":1,"column":41}},"1":{"start":{"line":2,"column":0},"end":{"line":2,"column":66}},"2":{"start":{"line":3,"column":0},"end":{"line":3,"column":37}},"3":{"start":{"line":4,"column":0},"end":{"line":4,"column":40}},"4":{"start":{"line":18,"column":2},"end":{"line":18,"column":15}},"5":{"start":{"line":30,"column":1},"end":{"line":32,"column":3}},"6":{"start":{"line":31,"column":2},"end":{"line":31,"column":27}},"7":{"start":{"line":34,"column":1},"end":{"line":36,"column":3}},"8":{"start":{"line":35,"column":2},"end":{"line":35,"column":30}},"9":{"start":{"line":38,"column":1},"end":{"line":50,"column":3}},"10":{"start":{"line":39,"column":30},"end":{"line":39,"column":40}},"11":{"start":{"line":40,"column":2},"end":{"line":40,"column":54}},"12":{"start":{"line":41,"column":2},"end":{"line":49,"column":null}},"13":{"start":{"line":42,"column":3},"end":{"line":42,"column":69}},"14":{"start":{"line":44,"column":3},"end":{"line":48,"column":6}},"15":{"start":{"line":19,"column":2},"end":{"line":25,"column":4}},"16":{"start":{"line":53,"column":2},"end":{"line":61,"column":4}},"17":{"start":{"line":16,"column":0},"end":{"line":16,"column":13}},"18":{"start":{"line":28,"column":8},"end":{"line":28,"column":53}},"19":{"start":{"line":65,"column":0},"end":{"line":65,"column":21}}},"fnMap":{"0":{"name":"(anonymous_1)","decl":{"start":{"line":17,"column":1},"end":{"line":17,"column":13}},"loc":{"start":{"line":17,"column":31},"end":{"line":26,"column":2}}},"1":{"name":"(anonymous_2)","decl":{"start":{"line":30,"column":17},"end":{"line":30,"column":18}},"loc":{"start":{"line":30,"column":41},"end":{"line":32,"column":2}}},"2":{"name":"(anonymous_3)","decl":{"start":{"line":34,"column":20},"end":{"line":34,"column":21}},"loc":{"start":{"line":34,"column":47},"end":{"line":36,"column":2}}},"3":{"name":"(anonymous_4)","decl":{"start":{"line":38,"column":15},"end":{"line":38,"column":20}},"loc":{"start":{"line":38,"column":41},"end":{"line":50,"column":2}}},"4":{"name":"(anonymous_5)","decl":{"start":{"line":52,"column":1},"end":{"line":52,"column":7}},"loc":{"start":{"line":52,"column":7},"end":{"line":62,"column":2}}}},"branchMap":{},"s":{"0":1,"1":1,"2":1,"3":1,"4":4,"5":4,"6":1,"7":4,"8":1,"9":4,"10":1,"11":1,"12":1,"13":1,"14":1,"15":4,"16":8,"17":1,"18":1,"19":1},"f":{"0":4,"1":1,"2":1,"3":1,"4":8},"b":{}}
,"/Users/marcio.souza/pessoal/repeat-please-mobile/rpmobile/src/screens/Login/LoginForm/index.tsx": {"path":"/Users/marcio.souza/pessoal/repeat-please-mobile/rpmobile/src/screens/Login/LoginForm/index.tsx","statementMap":{"0":{"start":{"line":1,"column":0},"end":{"line":1,"column":26}},"1":{"start":{"line":2,"column":0},"end":{"line":2,"column":null}},"2":{"start":{"line":8,"column":0},"end":{"line":8,"column":74}},"3":{"start":{"line":9,"column":0},"end":{"line":9,"column":70}},"4":{"start":{"line":10,"column":0},"end":{"line":10,"column":34}},"5":{"start":{"line":23,"column":13},"end":{"line":65,"column":2}},"6":{"start":{"line":33,"column":1},"end":{"line":63,"column":null}}},"fnMap":{"0":{"name":"(anonymous_1)","decl":{"start":{"line":23,"column":25},"end":{"line":23,"column":26}},"loc":{"start":{"line":33,"column":1},"end":{"line":63,"column":null}}}},"branchMap":{"0":{"loc":{"start":{"line":46,"column":5},"end":{"line":46,"column":13}},"type":"binary-expr","locations":[{"start":{"line":46,"column":5},"end":{"line":46,"column":13}},{"start":{"line":47,"column":5},"end":{"line":50,"column":null}}]}},"s":{"0":2,"1":2,"2":2,"3":2,"4":2,"5":2,"6":10},"f":{"0":10},"b":{"0":[10,2]}}
,"/Users/marcio.souza/pessoal/repeat-please-mobile/rpmobile/src/screens/Login/LoginForm/styles.ts": {"path":"/Users/marcio.souza/pessoal/repeat-please-mobile/rpmobile/src/screens/Login/LoginForm/styles.ts","statementMap":{"0":{"start":{"line":1,"column":0},"end":{"line":1,"column":42}},"1":{"start":{"line":2,"column":0},"end":{"line":2,"column":45}},"2":{"start":{"line":4,"column":13},"end":{"line":38,"column":3}}},"fnMap":{},"branchMap":{},"s":{"0":2,"1":2,"2":2},"f":{},"b":{}}
,"/Users/marcio.souza/pessoal/repeat-please-mobile/rpmobile/src/screens/Register/index.tsx": {"path":"/Users/marcio.souza/pessoal/repeat-please-mobile/rpmobile/src/screens/Register/index.tsx","statementMap":{"0":{"start":{"line":1,"column":0},"end":{"line":1,"column":41}},"1":{"start":{"line":2,"column":0},"end":{"line":2,"column":66}},"2":{"start":{"line":3,"column":0},"end":{"line":3,"column":46}},"3":{"start":{"line":4,"column":0},"end":{"line":4,"column":71}},"4":{"start":{"line":20,"column":2},"end":{"line":20,"column":15}},"5":{"start":{"line":34,"column":1},"end":{"line":40,"column":3}},"6":{"start":{"line":35,"column":2},"end":{"line":39,"column":5}},"7":{"start":{"line":42,"column":1},"end":{"line":44,"column":3}},"8":{"start":{"line":43,"column":2},"end":{"line":43,"column":26}},"9":{"start":{"line":46,"column":1},"end":{"line":48,"column":3}},"10":{"start":{"line":47,"column":2},"end":{"line":47,"column":27}},"11":{"start":{"line":50,"column":1},"end":{"line":52,"column":3}},"12":{"start":{"line":51,"column":2},"end":{"line":51,"column":30}},"13":{"start":{"line":54,"column":1},"end":{"line":56,"column":3}},"14":{"start":{"line":55,"column":2},"end":{"line":55,"column":32}},"15":{"start":{"line":58,"column":1},"end":{"line":72,"column":3}},"16":{"start":{"line":59,"column":48},"end":{"line":59,"column":58}},"17":{"start":{"line":60,"column":17},"end":{"line":60,"column":76}},"18":{"start":{"line":60,"column":69},"end":{"line":60,"column":75}},"19":{"start":{"line":62,"column":2},"end":{"line":65,"column":null}},"20":{"start":{"line":63,"column":3},"end":{"line":63,"column":53}},"21":{"start":{"line":64,"column":3},"end":{"line":64,"column":16}},"22":{"start":{"line":67,"column":2},"end":{"line":70,"column":null}},"23":{"start":{"line":68,"column":3},"end":{"line":68,"column":49}},"24":{"start":{"line":69,"column":3},"end":{"line":69,"column":16}},"25":{"start":{"line":71,"column":2},"end":{"line":71,"column":14}},"26":{"start":{"line":74,"column":1},"end":{"line":89,"column":3}},"27":{"start":{"line":75,"column":2},"end":{"line":75,"column":38}},"28":{"start":{"line":75,"column":31},"end":{"line":75,"column":38}},"29":{"start":{"line":77,"column":2},"end":{"line":77,"column":54}},"30":{"start":{"line":79,"column":36},"end":{"line":79,"column":46}},"31":{"start":{"line":81,"column":2},"end":{"line":88,"column":null}},"32":{"start":{"line":82,"column":16},"end":{"line":82,"column":66}},"33":{"start":{"line":83,"column":3},"end":{"line":85,"column":6}},"34":{"start":{"line":87,"column":3},"end":{"line":87,"column":32}},"35":{"start":{"line":21,"column":2},"end":{"line":29,"column":4}},"36":{"start":{"line":92,"column":2},"end":{"line":102,"column":4}},"37":{"start":{"line":18,"column":0},"end":{"line":18,"column":13}},"38":{"start":{"line":32,"column":8},"end":{"line":32,"column":53}},"39":{"start":{"line":106,"column":0},"end":{"line":106,"column":24}}},"fnMap":{"0":{"name":"(anonymous_1)","decl":{"start":{"line":19,"column":1},"end":{"line":19,"column":13}},"loc":{"start":{"line":19,"column":34},"end":{"line":30,"column":2}}},"1":{"name":"(anonymous_2)","decl":{"start":{"line":34,"column":20},"end":{"line":34,"column":21}},"loc":{"start":{"line":34,"column":70},"end":{"line":40,"column":2}}},"2":{"name":"(anonymous_3)","decl":{"start":{"line":42,"column":16},"end":{"line":42,"column":17}},"loc":{"start":{"line":42,"column":39},"end":{"line":44,"column":2}}},"3":{"name":"(anonymous_4)","decl":{"start":{"line":46,"column":17},"end":{"line":46,"column":18}},"loc":{"start":{"line":46,"column":41},"end":{"line":48,"column":2}}},"4":{"name":"(anonymous_5)","decl":{"start":{"line":50,"column":20},"end":{"line":50,"column":21}},"loc":{"start":{"line":50,"column":47},"end":{"line":52,"column":2}}},"5":{"name":"(anonymous_6)","decl":{"start":{"line":54,"column":22},"end":{"line":54,"column":23}},"loc":{"start":{"line":54,"column":51},"end":{"line":56,"column":2}}},"6":{"name":"(anonymous_7)","decl":{"start":{"line":58,"column":19},"end":{"line":58,"column":31}},"loc":{"start":{"line":58,"column":33},"end":{"line":72,"column":2}}},"7":{"name":"(anonymous_8)","decl":{"start":{"line":60,"column":60},"end":{"line":60,"column":65}},"loc":{"start":{"line":60,"column":69},"end":{"line":60,"column":75}}},"8":{"name":"(anonymous_9)","decl":{"start":{"line":74,"column":18},"end":{"line":74,"column":23}},"loc":{"start":{"line":74,"column":44},"end":{"line":89,"column":2}}},"9":{"name":"(anonymous_10)","decl":{"start":{"line":91,"column":1},"end":{"line":91,"column":7}},"loc":{"start":{"line":91,"column":7},"end":{"line":103,"column":2}}}},"branchMap":{"0":{"loc":{"start":{"line":34,"column":55},"end":{"line":34,"column":60}},"type":"default-arg","locations":[{"start":{"line":34,"column":55},"end":{"line":34,"column":60}}]},"1":{"loc":{"start":{"line":62,"column":2},"end":{"line":65,"column":null}},"type":"if","locations":[{"start":{"line":62,"column":2},"end":{"line":65,"column":null}},{"start":{"line":62,"column":2},"end":{"line":65,"column":null}}]},"2":{"loc":{"start":{"line":67,"column":2},"end":{"line":70,"column":null}},"type":"if","locations":[{"start":{"line":67,"column":2},"end":{"line":70,"column":null}},{"start":{"line":67,"column":2},"end":{"line":70,"column":null}}]},"3":{"loc":{"start":{"line":75,"column":2},"end":{"line":75,"column":38}},"type":"if","locations":[{"start":{"line":75,"column":2},"end":{"line":75,"column":38}},{"start":{"line":75,"column":2},"end":{"line":75,"column":38}}]}},"s":{"0":1,"1":1,"2":1,"3":1,"4":7,"5":7,"6":3,"7":7,"8":1,"9":7,"10":1,"11":7,"12":1,"13":7,"14":0,"15":7,"16":3,"17":3,"18":12,"19":3,"20":3,"21":3,"22":0,"23":0,"24":0,"25":0,"26":7,"27":3,"28":3,"29":0,"30":0,"31":0,"32":0,"33":0,"34":0,"35":7,"36":13,"37":1,"38":1,"39":1},"f":{"0":7,"1":3,"2":1,"3":1,"4":1,"5":0,"6":3,"7":12,"8":3,"9":13},"b":{"0":[3],"1":[3,0],"2":[0,0],"3":[3,0]}}
,"/Users/marcio.souza/pessoal/repeat-please-mobile/rpmobile/src/screens/Register/RegisterForm/index.tsx": {"path":"/Users/marcio.souza/pessoal/repeat-please-mobile/rpmobile/src/screens/Register/RegisterForm/index.tsx","statementMap":{"0":{"start":{"line":1,"column":0},"end":{"line":1,"column":41}},"1":{"start":{"line":2,"column":0},"end":{"line":2,"column":70}},"2":{"start":{"line":3,"column":0},"end":{"line":3,"column":80}},"3":{"start":{"line":4,"column":0},"end":{"line":4,"column":49}},"4":{"start":{"line":5,"column":0},"end":{"line":5,"column":57}},"5":{"start":{"line":6,"column":0},"end":{"line":6,"column":34}},"6":{"start":{"line":30,"column":26},"end":{"line":30,"column":36}},"7":{"start":{"line":32,"column":2},"end":{"line":59,"column":4}},"8":{"start":{"line":23,"column":0},"end":{"line":23,"column":13}}},"fnMap":{"0":{"name":"(anonymous_1)","decl":{"start":{"line":24,"column":1},"end":{"line":24,"column":7}},"loc":{"start":{"line":24,"column":7},"end":{"line":60,"column":2}}}},"branchMap":{"0":{"loc":{"start":{"line":40,"column":7},"end":{"line":40,"column":15}},"type":"binary-expr","locations":[{"start":{"line":40,"column":7},"end":{"line":40,"column":15}},{"start":{"line":41,"column":7},"end":{"line":44,"column":null}}]}},"s":{"0":2,"1":2,"2":2,"3":2,"4":2,"5":2,"6":15,"7":15,"8":2},"f":{"0":15},"b":{"0":[15,4]}}
,"/Users/marcio.souza/pessoal/repeat-please-mobile/rpmobile/src/screens/Register/RegisterForm/styles.ts": {"path":"/Users/marcio.souza/pessoal/repeat-please-mobile/rpmobile/src/screens/Register/RegisterForm/styles.ts","statementMap":{"0":{"start":{"line":1,"column":0},"end":{"line":1,"column":42}},"1":{"start":{"line":2,"column":0},"end":{"line":2,"column":45}},"2":{"start":{"line":4,"column":13},"end":{"line":29,"column":3}}},"fnMap":{},"branchMap":{},"s":{"0":2,"1":2,"2":2},"f":{},"b":{}}
,"/Users/marcio.souza/pessoal/repeat-please-mobile/rpmobile/src/screens/Register/RegisterInput/index.tsx": {"path":"/Users/marcio.souza/pessoal/repeat-please-mobile/rpmobile/src/screens/Register/RegisterInput/index.tsx","statementMap":{"0":{"start":{"line":1,"column":0},"end":{"line":1,"column":26}},"1":{"start":{"line":2,"column":0},"end":{"line":2,"column":60}},"2":{"start":{"line":16,"column":13},"end":{"line":36,"column":2}},"3":{"start":{"line":26,"column":1},"end":{"line":34,"column":null}}},"fnMap":{"0":{"name":"(anonymous_1)","decl":{"start":{"line":16,"column":29},"end":{"line":16,"column":30}},"loc":{"start":{"line":26,"column":1},"end":{"line":34,"column":null}}}},"branchMap":{},"s":{"0":2,"1":2,"2":2,"3":12},"f":{"0":12},"b":{}}
,"/Users/marcio.souza/pessoal/repeat-please-mobile/rpmobile/src/screens/Slides/index.tsx": {"path":"/Users/marcio.souza/pessoal/repeat-please-mobile/rpmobile/src/screens/Slides/index.tsx","statementMap":{"0":{"start":{"line":1,"column":0},"end":{"line":1,"column":41}},"1":{"start":{"line":2,"column":0},"end":{"line":2,"column":43}},"2":{"start":{"line":3,"column":0},"end":{"line":3,"column":42}},"3":{"start":{"line":4,"column":0},"end":{"line":4,"column":32}},"4":{"start":{"line":5,"column":0},"end":{"line":5,"column":51}},"5":{"start":{"line":6,"column":0},"end":{"line":6,"column":59}},"6":{"start":{"line":7,"column":0},"end":{"line":7,"column":53}},"7":{"start":{"line":8,"column":0},"end":{"line":8,"column":75}},"8":{"start":{"line":20,"column":2},"end":{"line":20,"column":15}},"9":{"start":{"line":26,"column":1},"end":{"line":34,"column":3}},"10":{"start":{"line":27,"column":2},"end":{"line":33,"column":4}},"11":{"start":{"line":36,"column":1},"end":{"line":39,"column":3}},"12":{"start":{"line":37,"column":25},"end":{"line":37,"column":35}},"13":{"start":{"line":38,"column":2},"end":{"line":38,"column":35}},"14":{"start":{"line":21,"column":2},"end":{"line":23,"column":4}},"15":{"start":{"line":42,"column":2},"end":{"line":50,"column":4}},"16":{"start":{"line":18,"column":0},"end":{"line":18,"column":13}},"17":{"start":{"line":54,"column":0},"end":{"line":54,"column":38}}},"fnMap":{"0":{"name":"(anonymous_2)","decl":{"start":{"line":19,"column":1},"end":{"line":19,"column":13}},"loc":{"start":{"line":19,"column":43},"end":{"line":24,"column":2}}},"1":{"name":"(anonymous_3)","decl":{"start":{"line":26,"column":14},"end":{"line":26,"column":15}},"loc":{"start":{"line":26,"column":52},"end":{"line":34,"column":2}}},"2":{"name":"(anonymous_4)","decl":{"start":{"line":36,"column":10},"end":{"line":36,"column":19}},"loc":{"start":{"line":36,"column":21},"end":{"line":39,"column":2}}},"3":{"name":"(anonymous_5)","decl":{"start":{"line":41,"column":1},"end":{"line":41,"column":7}},"loc":{"start":{"line":41,"column":7},"end":{"line":51,"column":2}}}},"branchMap":{},"s":{"0":1,"1":1,"2":1,"3":1,"4":1,"5":1,"6":1,"7":1,"8":2,"9":2,"10":3,"11":2,"12":1,"13":1,"14":2,"15":2,"16":1,"17":1},"f":{"0":2,"1":3,"2":1,"3":2},"b":{}}
,"/Users/marcio.souza/pessoal/repeat-please-mobile/rpmobile/src/screens/Slides/slides.ts": {"path":"/Users/marcio.souza/pessoal/repeat-please-mobile/rpmobile/src/screens/Slides/slides.ts","statementMap":{"0":{"start":{"line":2,"column":0},"end":{"line":2,"column":45}},"1":{"start":{"line":12,"column":13},"end":{"line":34,"column":2}}},"fnMap":{},"branchMap":{},"s":{"0":1,"1":1},"f":{},"b":{}}
,"/Users/marcio.souza/pessoal/repeat-please-mobile/rpmobile/src/screens/Slides/style.ts": {"path":"/Users/marcio.souza/pessoal/repeat-please-mobile/rpmobile/src/screens/Slides/style.ts","statementMap":{"0":{"start":{"line":1,"column":0},"end":{"line":1,"column":42}},"1":{"start":{"line":2,"column":0},"end":{"line":2,"column":45}},"2":{"start":{"line":4,"column":13},"end":{"line":17,"column":3}}},"fnMap":{},"branchMap":{},"s":{"0":1,"1":1,"2":1},"f":{},"b":{}}
,"/Users/marcio.souza/pessoal/repeat-please-mobile/rpmobile/src/screens/Walkthrough/index.tsx": {"path":"/Users/marcio.souza/pessoal/repeat-please-mobile/rpmobile/src/screens/Walkthrough/index.tsx","statementMap":{"0":{"start":{"line":1,"column":0},"end":{"line":1,"column":26}},"1":{"start":{"line":2,"column":0},"end":{"line":2,"column":36}},"2":{"start":{"line":3,"column":0},"end":{"line":3,"column":50}},"3":{"start":{"line":4,"column":0},"end":{"line":4,"column":63}},"4":{"start":{"line":5,"column":0},"end":{"line":5,"column":70}},"5":{"start":{"line":6,"column":0},"end":{"line":6,"column":57}},"6":{"start":{"line":7,"column":0},"end":{"line":7,"column":33}},"7":{"start":{"line":13,"column":13},"end":{"line":32,"column":2}},"8":{"start":{"line":14,"column":1},"end":{"line":31,"column":3}},"9":{"start":{"line":21,"column":19},"end":{"line":21,"column":51}},"10":{"start":{"line":27,"column":19},"end":{"line":27,"column":48}},"11":{"start":{"line":34,"column":0},"end":{"line":34,"column":43}}},"fnMap":{"0":{"name":"(anonymous_1)","decl":{"start":{"line":13,"column":27},"end":{"line":13,"column":28}},"loc":{"start":{"line":13,"column":78},"end":{"line":32,"column":1}}},"1":{"name":"(anonymous_2)","decl":{"start":{"line":21,"column":13},"end":{"line":21,"column":16}},"loc":{"start":{"line":21,"column":19},"end":{"line":21,"column":51}}},"2":{"name":"(anonymous_3)","decl":{"start":{"line":27,"column":13},"end":{"line":27,"column":16}},"loc":{"start":{"line":27,"column":19},"end":{"line":27,"column":48}}}},"branchMap":{},"s":{"0":1,"1":1,"2":1,"3":1,"4":1,"5":1,"6":1,"7":1,"8":3,"9":1,"10":1,"11":1},"f":{"0":3,"1":1,"2":1},"b":{}}
,"/Users/marcio.souza/pessoal/repeat-please-mobile/rpmobile/src/screens/Walkthrough/style.ts": {"path":"/Users/marcio.souza/pessoal/repeat-please-mobile/rpmobile/src/screens/Walkthrough/style.ts","statementMap":{"0":{"start":{"line":1,"column":0},"end":{"line":1,"column":42}},"1":{"start":{"line":2,"column":0},"end":{"line":2,"column":45}},"2":{"start":{"line":4,"column":13},"end":{"line":15,"column":3}}},"fnMap":{},"branchMap":{},"s":{"0":1,"1":1,"2":1},"f":{},"b":{}}
,"/Users/marcio.souza/pessoal/repeat-please-mobile/rpmobile/src/utils/testUtil.ts": {"path":"/Users/marcio.souza/pessoal/repeat-please-mobile/rpmobile/src/utils/testUtil.ts","statementMap":{"0":{"start":{"line":3,"column":13},"end":{"line":8,"column":2}},"1":{"start":{"line":7,"column":1},"end":{"line":7,"column":50}}},"fnMap":{"0":{"name":"(anonymous_0)","decl":{"start":{"line":3,"column":30},"end":{"line":3,"column":null}},"loc":{"start":{"line":6,"column":20},"end":{"line":8,"column":1}}}},"branchMap":{},"s":{"0":9,"1":18},"f":{"0":18},"b":{}}
}
