TN:
SF:/Users/marcio.souza/pessoal/repeat-please-mobile/rpmobile/assets/images/monkey_mouth.png
FNF:0
FNH:0
DA:1,1
LF:1
LH:1
BRF:0
BRH:0
end_of_record
TN:
SF:/Users/marcio.souza/pessoal/repeat-please-mobile/rpmobile/assets/images/monkey_smile.png
FNF:0
FNH:0
DA:1,1
LF:1
LH:1
BRF:0
BRH:0
end_of_record
TN:
SF:/Users/marcio.souza/pessoal/repeat-please-mobile/rpmobile/assets/images/speaker_girl.png
FNF:0
FNH:0
DA:1,1
LF:1
LH:1
BRF:0
BRH:0
end_of_record
TN:
SF:/Users/marcio.souza/pessoal/repeat-please-mobile/rpmobile/src/components/index.ts
FNF:0
FNH:0
DA:1,4
DA:2,4
DA:3,4
LF:3
LH:3
BRF:0
BRH:0
end_of_record
TN:
SF:/Users/marcio.souza/pessoal/repeat-please-mobile/rpmobile/src/components/Email/index.tsx
FN:9,(anonymous_1)
FN:15,(anonymous_2)
FNF:2
FNH:2
FNDA:8,(anonymous_1)
FNDA:1,(anonymous_2)
DA:1,5
DA:2,5
DA:9,5
DA:10,8
DA:15,1
LF:5
LH:5
BRF:0
BRH:0
end_of_record
TN:
SF:/Users/marcio.souza/pessoal/repeat-please-mobile/rpmobile/src/components/Name/index.tsx
FN:9,(anonymous_1)
FN:14,(anonymous_2)
FNF:2
FNH:2
FNDA:2,(anonymous_1)
FNDA:1,(anonymous_2)
DA:1,5
DA:2,5
DA:9,5
DA:10,2
DA:14,1
LF:5
LH:5
BRF:0
BRH:0
end_of_record
TN:
SF:/Users/marcio.souza/pessoal/repeat-please-mobile/rpmobile/src/components/Password/index.tsx
FN:9,(anonymous_1)
FN:20,(anonymous_2)
FNF:2
FNH:2
FNDA:8,(anonymous_1)
FNDA:1,(anonymous_2)
DA:1,5
DA:2,5
DA:9,5
DA:13,8
DA:20,1
LF:5
LH:5
BRF:0
BRH:0
end_of_record
TN:
SF:/Users/marcio.souza/pessoal/repeat-please-mobile/rpmobile/src/navigator/helper.ts
FN:7,(anonymous_0)
FNF:1
FNH:0
FNDA:0,(anonymous_0)
DA:1,4
DA:7,4
DA:12,0
DA:13,0
DA:16,4
LF:5
LH:3
BRF:0
BRH:0
end_of_record
TN:
SF:/Users/marcio.souza/pessoal/repeat-please-mobile/rpmobile/src/navigator/routes.ts
FNF:0
FNH:0
DA:1,2
DA:2,2
DA:3,2
DA:4,2
LF:4
LH:4
BRF:0
BRH:0
end_of_record
TN:
SF:/Users/marcio.souza/pessoal/repeat-please-mobile/rpmobile/src/screens/Login/index.tsx
FN:16,(anonymous_1)
FN:28,(anonymous_2)
FN:32,(anonymous_3)
FN:36,(anonymous_4)
FN:47,(anonymous_5)
FNF:5
FNH:5
FNDA:4,(anonymous_1)
FNDA:1,(anonymous_2)
FNDA:1,(anonymous_3)
FNDA:1,(anonymous_4)
FNDA:7,(anonymous_5)
DA:1,1
DA:2,1
DA:3,1
DA:4,1
DA:15,1
DA:17,4
DA:18,4
DA:26,1
DA:28,4
DA:29,1
DA:32,4
DA:33,1
DA:36,4
DA:37,1
DA:38,1
DA:39,1
DA:43,1
DA:48,7
DA:60,1
LF:19
LH:19
BRF:0
BRH:0
end_of_record
TN:
SF:/Users/marcio.souza/pessoal/repeat-please-mobile/rpmobile/src/screens/Login/LoginForm/index.tsx
FN:23,(anonymous_1)
FNF:1
FNH:1
FNDA:9,(anonymous_1)
DA:1,2
DA:2,2
DA:9,2
DA:10,2
DA:11,2
DA:23,2
DA:32,9
LF:7
LH:7
BRDA:42,0,0,9
BRDA:42,0,1,2
BRF:2
BRH:2
end_of_record
TN:
SF:/Users/marcio.souza/pessoal/repeat-please-mobile/rpmobile/src/screens/Login/LoginForm/styles.ts
FNF:0
FNH:0
DA:1,2
DA:2,2
DA:4,2
LF:3
LH:3
BRF:0
BRH:0
end_of_record
TN:
SF:/Users/marcio.souza/pessoal/repeat-please-mobile/rpmobile/src/screens/Register/index.tsx
FN:15,(anonymous_1)
FN:28,(anonymous_2)
FN:32,(anonymous_3)
FN:36,(anonymous_4)
FN:40,(anonymous_5)
FN:45,(anonymous_6)
FN:53,(anonymous_7)
FN:58,(anonymous_8)
FNF:8
FNH:2
FNDA:1,(anonymous_1)
FNDA:0,(anonymous_2)
FNDA:0,(anonymous_3)
FNDA:0,(anonymous_4)
FNDA:0,(anonymous_5)
FNDA:0,(anonymous_6)
FNDA:0,(anonymous_7)
FNDA:1,(anonymous_8)
DA:1,1
DA:2,1
DA:3,1
DA:4,1
DA:14,1
DA:16,1
DA:17,1
DA:26,1
DA:28,1
DA:29,0
DA:32,1
DA:33,0
DA:36,1
DA:37,0
DA:40,1
DA:41,0
DA:42,0
DA:46,0
DA:47,0
DA:49,0
DA:54,0
DA:59,1
DA:72,1
LF:23
LH:14
BRDA:15,0,0,0
BRDA:46,1,0,0
BRDA:46,1,1,0
BRDA:46,2,0,0
BRDA:46,2,1,0
BRF:5
BRH:0
end_of_record
TN:
SF:/Users/marcio.souza/pessoal/repeat-please-mobile/rpmobile/src/screens/Register/RegisterForm/index.tsx
FN:26,(anonymous_1)
FNF:1
FNH:1
FNDA:3,(anonymous_1)
DA:1,2
DA:2,2
DA:3,2
DA:10,2
DA:11,2
DA:25,2
DA:37,3
DA:39,3
LF:8
LH:8
BRDA:50,0,0,3
BRDA:50,0,1,1
BRF:2
BRH:2
end_of_record
TN:
SF:/Users/marcio.souza/pessoal/repeat-please-mobile/rpmobile/src/screens/Register/RegisterForm/styles.ts
FNF:0
FNH:0
DA:1,2
DA:2,2
DA:4,2
LF:3
LH:3
BRF:0
BRH:0
end_of_record
TN:
SF:/Users/marcio.souza/pessoal/repeat-please-mobile/rpmobile/src/screens/Slides/index.tsx
FN:18,(anonymous_2)
FN:25,(anonymous_3)
FN:35,(anonymous_4)
FN:39,(anonymous_5)
FNF:4
FNH:2
FNDA:1,(anonymous_2)
FNDA:0,(anonymous_3)
FNDA:0,(anonymous_4)
FNDA:1,(anonymous_5)
DA:1,1
DA:2,1
DA:3,1
DA:4,1
DA:5,1
DA:6,1
DA:7,1
DA:19,1
DA:20,1
DA:25,1
DA:26,0
DA:35,1
DA:36,0
DA:40,1
DA:41,0
DA:43,1
DA:55,1
LF:17
LH:14
BRDA:18,0,0,0
BRDA:40,1,0,0
BRDA:40,1,1,1
BRF:3
BRH:1
end_of_record
TN:
SF:/Users/marcio.souza/pessoal/repeat-please-mobile/rpmobile/src/screens/Slides/slides.ts
FNF:0
FNH:0
DA:2,1
DA:12,1
LF:2
LH:2
BRF:0
BRH:0
end_of_record
TN:
SF:/Users/marcio.souza/pessoal/repeat-please-mobile/rpmobile/src/screens/Slides/style.ts
FNF:0
FNH:0
DA:1,1
DA:2,1
DA:4,1
LF:3
LH:3
BRF:0
BRH:0
end_of_record
TN:
SF:/Users/marcio.souza/pessoal/repeat-please-mobile/rpmobile/src/screens/Walkthrough/index.tsx
FN:13,(anonymous_1)
FN:20,(anonymous_2)
FN:25,(anonymous_3)
FNF:3
FNH:1
FNDA:1,(anonymous_1)
FNDA:0,(anonymous_2)
FNDA:0,(anonymous_3)
DA:1,2
DA:2,2
DA:3,2
DA:4,2
DA:5,2
DA:6,2
DA:7,2
DA:13,2
DA:14,1
DA:20,0
DA:25,0
DA:32,2
LF:12
LH:10
BRF:0
BRH:0
end_of_record
TN:
SF:/Users/marcio.souza/pessoal/repeat-please-mobile/rpmobile/src/screens/Walkthrough/style.ts
FNF:0
FNH:0
DA:1,2
DA:2,2
DA:4,2
LF:3
LH:3
BRF:0
BRH:0
end_of_record
TN:
SF:/Users/marcio.souza/pessoal/repeat-please-mobile/rpmobile/src/utils/testUtil.ts
FN:3,(anonymous_0)
FNF:1
FNH:1
FNDA:16,(anonymous_0)
DA:3,9
DA:7,16
LF:2
LH:2
BRF:0
BRH:0
end_of_record
