TN:
SF:/Users/marcio.souza/pessoal/mobile/rpmobile/src/components/index.ts
FNF:0
FNH:0
DA:1,2
DA:2,2
DA:3,2
DA:4,2
LF:4
LH:4
BRF:0
BRH:0
end_of_record
TN:
SF:/Users/marcio.souza/pessoal/mobile/rpmobile/src/components/Email/index.tsx
FN:10,(anonymous_1)
FN:20,(anonymous_2)
FNF:2
FNH:2
FNDA:2,(anonymous_1)
FNDA:1,(anonymous_2)
DA:1,3
DA:2,3
DA:10,3
DA:15,2
DA:20,1
LF:5
LH:5
BRF:0
BRH:0
end_of_record
TN:
SF:/Users/marcio.souza/pessoal/mobile/rpmobile/src/components/Name/index.tsx
FN:10,(anonymous_1)
FN:19,(anonymous_2)
FNF:2
FNH:2
FNDA:2,(anonymous_1)
FNDA:1,(anonymous_2)
DA:1,3
DA:2,3
DA:10,3
DA:15,2
DA:19,1
LF:5
LH:5
BRF:0
BRH:0
end_of_record
TN:
SF:/Users/marcio.souza/pessoal/mobile/rpmobile/src/components/Password/index.tsx
FN:11,(anonymous_1)
FN:24,(anonymous_2)
FNF:2
FNH:2
FNDA:2,(anonymous_1)
FNDA:1,(anonymous_2)
DA:1,3
DA:2,3
DA:11,3
DA:17,2
DA:24,1
LF:5
LH:5
BRDA:21,0,0,0
BRDA:21,0,1,2
BRF:2
BRH:1
end_of_record
TN:
SF:/Users/marcio.souza/pessoal/mobile/rpmobile/src/components/SocialMediaButtons/index.tsx
FN:11,(anonymous_1)
FNF:1
FNH:0
FNDA:0,(anonymous_1)
DA:1,2
DA:3,2
DA:11,2
DA:16,0
LF:4
LH:3
BRF:0
BRH:0
end_of_record
TN:
SF:/Users/marcio.souza/pessoal/mobile/rpmobile/src/navigator/helper.ts
FN:7,(anonymous_0)
FNF:1
FNH:1
FNDA:2,(anonymous_0)
DA:1,1
DA:7,1
DA:12,2
DA:13,2
DA:16,1
LF:5
LH:5
BRF:0
BRH:0
end_of_record
TN:
SF:/Users/marcio.souza/pessoal/mobile/rpmobile/src/navigator/routes.ts
FNF:0
FNH:0
DA:1,2
DA:2,2
DA:3,2
DA:4,2
DA:5,2
LF:5
LH:5
BRF:0
BRH:0
end_of_record
TN:
SF:/Users/marcio.souza/pessoal/mobile/rpmobile/src/screens/Login/LoginForm/index.tsx
FN:27,(anonymous_1)
FNF:1
FNH:1
FNDA:3,(anonymous_1)
DA:1,1
DA:2,1
DA:9,1
DA:10,1
DA:11,1
DA:27,1
DA:40,3
LF:7
LH:7
BRDA:53,0,0,3
BRDA:53,0,1,1
BRF:2
BRH:2
end_of_record
TN:
SF:/Users/marcio.souza/pessoal/mobile/rpmobile/src/screens/Login/LoginForm/styles.ts
FNF:0
FNH:0
DA:1,1
DA:2,1
DA:4,1
LF:3
LH:3
BRF:0
BRH:0
end_of_record
TN:
SF:/Users/marcio.souza/pessoal/mobile/rpmobile/src/screens/Register/RegisterForm/index.tsx
FN:26,(anonymous_1)
FNF:1
FNH:1
FNDA:3,(anonymous_1)
DA:1,1
DA:2,1
DA:3,1
DA:4,1
DA:5,1
DA:6,1
DA:25,1
DA:34,3
DA:36,3
LF:9
LH:9
BRDA:44,0,0,3
BRDA:44,0,1,1
BRF:2
BRH:2
end_of_record
TN:
SF:/Users/marcio.souza/pessoal/mobile/rpmobile/src/screens/Register/RegisterForm/styles.ts
FNF:0
FNH:0
DA:1,1
DA:2,1
DA:4,1
LF:3
LH:3
BRF:0
BRH:0
end_of_record
TN:
SF:/Users/marcio.souza/pessoal/mobile/rpmobile/src/screens/Register/RegisterInput/index.tsx
FN:16,(anonymous_1)
FNF:1
FNH:0
FNDA:0,(anonymous_1)
DA:1,1
DA:2,1
DA:16,1
DA:26,0
LF:4
LH:3
BRF:0
BRH:0
end_of_record
TN:
SF:/Users/marcio.souza/pessoal/mobile/rpmobile/src/screens/Slides/index.tsx
FN:27,(anonymous_1)
FN:28,(anonymous_2)
FNF:2
FNH:1
FNDA:1,(anonymous_1)
FNDA:0,(anonymous_2)
DA:1,1
DA:2,1
DA:4,1
DA:5,1
DA:11,1
DA:27,1
DA:28,1
DA:29,1
DA:30,1
LF:9
LH:9
BRF:0
BRH:0
end_of_record
TN:
SF:/Users/marcio.souza/pessoal/mobile/rpmobile/src/screens/Walkthrough/index.tsx
FN:13,(anonymous_1)
FN:21,(anonymous_2)
FN:27,(anonymous_3)
FNF:3
FNH:3
FNDA:3,(anonymous_1)
FNDA:1,(anonymous_2)
FNDA:1,(anonymous_3)
DA:1,1
DA:2,1
DA:3,1
DA:4,1
DA:5,1
DA:6,1
DA:7,1
DA:13,1
DA:14,3
DA:21,1
DA:27,1
DA:34,1
LF:12
LH:12
BRF:0
BRH:0
end_of_record
TN:
SF:/Users/marcio.souza/pessoal/mobile/rpmobile/src/screens/Walkthrough/style.ts
FNF:0
FNH:0
DA:1,1
DA:2,1
DA:4,1
LF:3
LH:3
BRF:0
BRH:0
end_of_record
TN:
SF:/Users/marcio.souza/pessoal/mobile/rpmobile/src/utils/testUtil.ts
FN:3,(anonymous_0)
FNF:1
FNH:1
FNDA:16,(anonymous_0)
DA:3,7
DA:7,16
LF:2
LH:2
BRF:0
BRH:0
end_of_record
